<?xml version="1.0" encoding="UTF-8"?>
<testsuite name="ru.stqa.pft.addressbook.test.ContactCreationTests" tests="4" skipped="0" failures="0" errors="0" timestamp="2018-06-17T11:10:37" hostname="Katya" time="47.504">
  <properties/>
  <testcase name="testContactCreation[0](ContactData{id=0, name='Р�РІР°РЅ', surname='РўРµСЃС‚РѕРІС‹Р№'})" classname="ru.stqa.pft.addressbook.test.ContactCreationTests" time="15.205"/>
  <testcase name="testContactCreation[1](ContactData{id=0, name='Р�РІР°РЅ', surname='РўРµСЃС‚РѕРІС‹Р№'})" classname="ru.stqa.pft.addressbook.test.ContactCreationTests" time="4.278"/>
  <testcase name="testContactCreation[2](ContactData{id=0, name='Р�РІР°РЅ', surname='РўРµСЃС‚РѕРІС‹Р№'})" classname="ru.stqa.pft.addressbook.test.ContactCreationTests" time="4.57"/>
  <testcase name="testContactCreation2" classname="ru.stqa.pft.addressbook.test.ContactCreationTests" time="23.251"/>
  <system-out><![CDATA[]]></system-out>
  <system-err><![CDATA[Security framework of XStream not initialized, XStream is probably vulnerable.
]]></system-err>
</testsuite>
